<?xml version="1.0" encoding="UTF-8"?>
<coverage generated="1676869751">
  <project timestamp="1676869751">
    <file name="/appdata/www/src/ApiController/BaseAction.php">
      <class name="App\ApiController\BaseAction" namespace="global">
        <metrics complexity="1" methods="1" coveredmethods="1" conditionals="0" coveredconditionals="0" statements="1" coveredstatements="1" elements="2" coveredelements="2"/>
      </class>
      <line num="10" type="method" name="createResponse" visibility="public" complexity="1" crap="1" count="1"/>
      <line num="12" type="stmt" count="1"/>
      <metrics loc="15" ncloc="15" classes="1" methods="1" coveredmethods="1" conditionals="0" coveredconditionals="0" statements="1" coveredstatements="1" elements="2" coveredelements="2"/>
    </file>
    <file name="/appdata/www/src/ApiController/CreateAccountAction.php">
      <class name="App\ApiController\CreateAccountAction" namespace="global">
        <metrics complexity="2" methods="2" coveredmethods="2" conditionals="0" coveredconditionals="0" statements="3" coveredstatements="3" elements="5" coveredelements="5"/>
      </class>
      <line num="13" type="method" name="__construct" visibility="public" complexity="1" crap="1" count="3"/>
      <line num="15" type="stmt" count="3"/>
      <line num="18" type="method" name="__invoke" visibility="public" complexity="1" crap="1" count="1"/>
      <line num="20" type="stmt" count="1"/>
      <line num="22" type="stmt" count="1"/>
      <metrics loc="25" ncloc="25" classes="1" methods="2" coveredmethods="2" conditionals="0" coveredconditionals="0" statements="3" coveredstatements="3" elements="5" coveredelements="5"/>
    </file>
    <file name="/appdata/www/src/BusinessController/Common/CreateAccountController.php">
      <class name="App\BusinessController\Common\CreateAccountController" namespace="global">
        <metrics complexity="2" methods="2" coveredmethods="2" conditionals="0" coveredconditionals="0" statements="11" coveredstatements="11" elements="13" coveredelements="13"/>
      </class>
      <line num="18" type="method" name="__construct" visibility="public" complexity="1" crap="1" count="4"/>
      <line num="20" type="stmt" count="4"/>
      <line num="21" type="stmt" count="4"/>
      <line num="22" type="stmt" count="4"/>
      <line num="24" type="stmt" count="4"/>
      <line num="25" type="stmt" count="4"/>
      <line num="26" type="stmt" count="4"/>
      <line num="29" type="method" name="createAccount" visibility="public" complexity="1" crap="1" count="2"/>
      <line num="31" type="stmt" count="2"/>
      <line num="33" type="stmt" count="2"/>
      <line num="34" type="stmt" count="2"/>
      <line num="35" type="stmt" count="2"/>
      <line num="37" type="stmt" count="2"/>
      <metrics loc="40" ncloc="40" classes="1" methods="2" coveredmethods="2" conditionals="0" coveredconditionals="0" statements="11" coveredstatements="11" elements="13" coveredelements="13"/>
    </file>
    <file name="/appdata/www/src/BusinessService/EncoderService.php">
      <class name="App\BusinessService\EncoderService" namespace="global">
        <metrics complexity="4" methods="4" coveredmethods="3" conditionals="0" coveredconditionals="0" statements="5" coveredstatements="4" elements="9" coveredelements="7"/>
      </class>
      <line num="12" type="method" name="__construct" visibility="public" complexity="1" crap="1" count="3"/>
      <line num="14" type="stmt" count="3"/>
      <line num="17" type="method" name="generateEncodedPassword" visibility="public" complexity="1" crap="1" count="1"/>
      <line num="19" type="stmt" count="1"/>
      <line num="22" type="method" name="isPasswordValid" visibility="public" complexity="1" crap="2" count="0"/>
      <line num="24" type="stmt" count="0"/>
      <line num="27" type="method" name="encodeUserPassword" visibility="public" complexity="1" crap="1" count="1"/>
      <line num="29" type="stmt" count="1"/>
      <line num="30" type="stmt" count="1"/>
      <metrics loc="33" ncloc="33" classes="1" methods="4" coveredmethods="3" conditionals="0" coveredconditionals="0" statements="5" coveredstatements="4" elements="9" coveredelements="7"/>
    </file>
    <file name="/appdata/www/src/BusinessService/EncoderServiceInterface.php">
      <metrics loc="16" ncloc="16" classes="0" methods="0" coveredmethods="0" conditionals="0" coveredconditionals="0" statements="0" coveredstatements="0" elements="0" coveredelements="0"/>
    </file>
    <file name="/appdata/www/src/BusinessService/UserProvider.php">
      <class name="App\BusinessService\UserProvider" namespace="global">
        <metrics complexity="9" methods="5" coveredmethods="1" conditionals="0" coveredconditionals="0" statements="14" coveredstatements="6" elements="19" coveredelements="7"/>
      </class>
      <line num="18" type="method" name="__construct" visibility="public" complexity="1" crap="1" count="4"/>
      <line num="20" type="stmt" count="4"/>
      <line num="23" type="method" name="upgradePassword" visibility="public" complexity="3" crap="3.33" count="1"/>
      <line num="25" type="stmt" count="1"/>
      <line num="27" type="stmt" count="0"/>
      <line num="30" type="stmt" count="1"/>
      <line num="32" type="stmt" count="0"/>
      <line num="35" type="stmt" count="1"/>
      <line num="37" type="stmt" count="1"/>
      <line num="40" type="method" name="refreshUser" visibility="public" complexity="2" crap="6" count="0"/>
      <line num="42" type="stmt" count="0"/>
      <line num="44" type="stmt" count="0"/>
      <line num="47" type="stmt" count="0"/>
      <line num="50" type="method" name="supportsClass" visibility="public" complexity="1" crap="2" count="0"/>
      <line num="52" type="stmt" count="0"/>
      <line num="55" type="method" name="loadUserByIdentifier" visibility="public" complexity="2" crap="3.19" count="1"/>
      <line num="59" type="stmt" count="1"/>
      <line num="61" type="stmt" count="0"/>
      <line num="63" type="stmt" count="0"/>
      <metrics loc="67" ncloc="67" classes="1" methods="5" coveredmethods="1" conditionals="0" coveredconditionals="0" statements="14" coveredstatements="6" elements="19" coveredelements="7"/>
    </file>
    <file name="/appdata/www/src/Dao/Repository/BaseRepository.php">
      <class name="App\Dao\Repository\BaseRepository" namespace="global">
        <metrics complexity="7" methods="5" coveredmethods="3" conditionals="0" coveredconditionals="0" statements="15" coveredstatements="10" elements="20" coveredelements="13"/>
      </class>
      <line num="17" type="method" name="__construct" visibility="public" complexity="1" crap="1" count="4"/>
      <line num="19" type="stmt" count="4"/>
      <line num="20" type="stmt" count="4"/>
      <line num="23" type="method" name="getEntityManager" visibility="protected" complexity="1" crap="1" count="4"/>
      <line num="25" type="stmt" count="4"/>
      <line num="30" type="method" name="saveEntity" visibility="protected" complexity="1" crap="1" count="2"/>
      <line num="32" type="stmt" count="2"/>
      <line num="34" type="stmt" count="2"/>
      <line num="35" type="stmt" count="2"/>
      <line num="38" type="method" name="removeEntity" visibility="protected" complexity="1" crap="2" count="0"/>
      <line num="40" type="stmt" count="0"/>
      <line num="42" type="stmt" count="0"/>
      <line num="43" type="stmt" count="0"/>
      <line num="50" type="method" name="getOneResult" visibility="protected" complexity="3" crap="3.33" count="1"/>
      <line num="54" type="stmt" count="1"/>
      <line num="56" type="stmt" count="1"/>
      <line num="58" type="stmt" count="1"/>
      <line num="61" type="stmt" count="0"/>
      <line num="63" type="stmt" count="0"/>
      <line num="66" type="stmt" count="1"/>
      <metrics loc="69" ncloc="66" classes="1" methods="5" coveredmethods="3" conditionals="0" coveredconditionals="0" statements="15" coveredstatements="10" elements="20" coveredelements="13"/>
    </file>
    <file name="/appdata/www/src/Dao/Repository/UserRepository.php">
      <class name="App\Dao\Repository\UserRepository" namespace="global">
        <metrics complexity="4" methods="3" coveredmethods="2" conditionals="0" coveredconditionals="0" statements="11" coveredstatements="9" elements="14" coveredelements="11"/>
      </class>
      <line num="12" type="method" name="save" visibility="public" complexity="1" crap="1" count="2"/>
      <line num="14" type="stmt" count="2"/>
      <line num="15" type="stmt" count="2"/>
      <line num="18" type="method" name="findByUsername" visibility="public" complexity="2" crap="2.06" count="1"/>
      <line num="20" type="stmt" count="1"/>
      <line num="22" type="stmt" count="1"/>
      <line num="23" type="stmt" count="1"/>
      <line num="24" type="stmt" count="1"/>
      <line num="28" type="stmt" count="1"/>
      <line num="30" type="stmt" count="0"/>
      <line num="32" type="stmt" count="0"/>
      <line num="35" type="stmt" count="1"/>
      <line num="38" type="method" name="entityClass" visibility="protected" complexity="1" crap="1" count="4"/>
      <line num="40" type="stmt" count="4"/>
      <metrics loc="43" ncloc="43" classes="1" methods="3" coveredmethods="2" conditionals="0" coveredconditionals="0" statements="11" coveredstatements="9" elements="14" coveredelements="11"/>
    </file>
    <file name="/appdata/www/src/Dto/Input/UserInputDto.php">
      <class name="App\Dto\Input\UserInputDto" namespace="global">
        <metrics complexity="4" methods="4" coveredmethods="3" conditionals="0" coveredconditionals="0" statements="7" coveredstatements="6" elements="11" coveredelements="9"/>
      </class>
      <line num="16" type="method" name="__construct" visibility="public" complexity="1" crap="1" count="3"/>
      <line num="18" type="stmt" count="3"/>
      <line num="20" type="stmt" count="3"/>
      <line num="21" type="stmt" count="3"/>
      <line num="22" type="stmt" count="3"/>
      <line num="25" type="method" name="getUserName" visibility="public" complexity="1" crap="1" count="1"/>
      <line num="27" type="stmt" count="1"/>
      <line num="30" type="method" name="getPassword" visibility="public" complexity="1" crap="1" count="1"/>
      <line num="32" type="stmt" count="1"/>
      <line num="35" type="method" name="getRoles" visibility="public" complexity="1" crap="2" count="0"/>
      <line num="37" type="stmt" count="0"/>
      <metrics loc="40" ncloc="40" classes="1" methods="4" coveredmethods="3" conditionals="0" coveredconditionals="0" statements="7" coveredstatements="6" elements="11" coveredelements="9"/>
    </file>
    <file name="/appdata/www/src/Dto/Output/CreateAccountOutputDto.php">
      <class name="App\Dto\Output\CreateAccountOutputDto" namespace="global">
        <metrics complexity="1" methods="1" coveredmethods="1" conditionals="0" coveredconditionals="0" statements="2" coveredstatements="2" elements="3" coveredelements="3"/>
      </class>
      <line num="9" type="method" name="__construct" visibility="public" complexity="1" crap="1" count="2"/>
      <line num="11" type="stmt" count="2"/>
      <line num="12" type="stmt" count="2"/>
      <metrics loc="15" ncloc="15" classes="1" methods="1" coveredmethods="1" conditionals="0" coveredconditionals="0" statements="2" coveredstatements="2" elements="3" coveredelements="3"/>
    </file>
    <file name="/appdata/www/src/Entity/RoleEntity.php">
      <class name="App\Entity\RoleEntity" namespace="global">
        <metrics complexity="5" methods="5" coveredmethods="0" conditionals="0" coveredconditionals="0" statements="8" coveredstatements="0" elements="13" coveredelements="0"/>
      </class>
      <line num="15" type="method" name="__construct" visibility="public" complexity="1" crap="2" count="0"/>
      <line num="17" type="stmt" count="0"/>
      <line num="18" type="stmt" count="0"/>
      <line num="19" type="stmt" count="0"/>
      <line num="20" type="stmt" count="0"/>
      <line num="23" type="method" name="getRoleId" visibility="public" complexity="1" crap="2" count="0"/>
      <line num="25" type="stmt" count="0"/>
      <line num="28" type="method" name="getName" visibility="public" complexity="1" crap="2" count="0"/>
      <line num="30" type="stmt" count="0"/>
      <line num="33" type="method" name="getDescription" visibility="public" complexity="1" crap="2" count="0"/>
      <line num="35" type="stmt" count="0"/>
      <line num="38" type="method" name="getUsers" visibility="public" complexity="1" crap="2" count="0"/>
      <line num="40" type="stmt" count="0"/>
      <metrics loc="43" ncloc="43" classes="1" methods="5" coveredmethods="0" conditionals="0" coveredconditionals="0" statements="8" coveredstatements="0" elements="13" coveredelements="0"/>
    </file>
    <file name="/appdata/www/src/Entity/UserEntity.php">
      <class name="App\Entity\UserEntity" namespace="global">
        <metrics complexity="9" methods="9" coveredmethods="7" conditionals="0" coveredconditionals="0" statements="15" coveredstatements="13" elements="24" coveredelements="20"/>
      </class>
      <line num="21" type="method" name="__construct" visibility="public" complexity="1" crap="1" count="2"/>
      <line num="23" type="stmt" count="2"/>
      <line num="24" type="stmt" count="2"/>
      <line num="26" type="stmt" count="2"/>
      <line num="27" type="stmt" count="2"/>
      <line num="28" type="stmt" count="2"/>
      <line num="30" type="stmt" count="2"/>
      <line num="33" type="method" name="getUserName" visibility="public" complexity="1" crap="1" count="2"/>
      <line num="35" type="stmt" count="2"/>
      <line num="38" type="method" name="getPassword" visibility="public" complexity="1" crap="1" count="1"/>
      <line num="40" type="stmt" count="1"/>
      <line num="43" type="method" name="getPlaintextPassword" visibility="public" complexity="1" crap="1" count="1"/>
      <line num="45" type="stmt" count="1"/>
      <line num="48" type="method" name="setPassword" visibility="public" complexity="1" crap="1" count="2"/>
      <line num="50" type="stmt" count="2"/>
      <line num="51" type="stmt" count="2"/>
      <line num="54" type="method" name="getUserId" visibility="public" complexity="1" crap="2" count="0"/>
      <line num="56" type="stmt" count="0"/>
      <line num="59" type="method" name="eraseCredentials" visibility="public" complexity="1" crap="1" count="1"/>
      <line num="61" type="stmt" count="1"/>
      <line num="63" type="method" name="getUserIdentifier" visibility="public" complexity="1" crap="2" count="0"/>
      <line num="65" type="stmt" count="0"/>
      <line num="68" type="method" name="getRoles" visibility="public" complexity="1" crap="1" count="2"/>
      <line num="70" type="stmt" count="2"/>
      <metrics loc="73" ncloc="73" classes="1" methods="9" coveredmethods="7" conditionals="0" coveredconditionals="0" statements="15" coveredstatements="13" elements="24" coveredelements="20"/>
    </file>
    <file name="/appdata/www/src/Entity/UserEntityInterface.php">
      <metrics loc="12" ncloc="12" classes="0" methods="0" coveredmethods="0" conditionals="0" coveredconditionals="0" statements="0" coveredstatements="0" elements="0" coveredelements="0"/>
    </file>
    <file name="/appdata/www/src/Exception/BadRequestHttpException.php">
      <class name="App\Exception\BadRequestHttpException" namespace="global">
        <metrics complexity="1" methods="1" coveredmethods="0" conditionals="0" coveredconditionals="0" statements="1" coveredstatements="0" elements="2" coveredelements="0"/>
      </class>
      <line num="7" type="method" name="create" visibility="public" complexity="1" crap="2" count="0"/>
      <line num="9" type="stmt" count="0"/>
      <metrics loc="12" ncloc="12" classes="1" methods="1" coveredmethods="0" conditionals="0" coveredconditionals="0" statements="1" coveredstatements="0" elements="2" coveredelements="0"/>
    </file>
    <file name="/appdata/www/src/Exception/EntityNotFoundException.php">
      <class name="App\Exception\EntityNotFoundException" namespace="global">
        <metrics complexity="1" methods="1" coveredmethods="0" conditionals="0" coveredconditionals="0" statements="2" coveredstatements="0" elements="3" coveredelements="0"/>
      </class>
      <line num="7" type="method" name="createFromElementAndClass" visibility="public" complexity="1" crap="2" count="0"/>
      <line num="9" type="stmt" count="0"/>
      <line num="10" type="stmt" count="0"/>
      <metrics loc="13" ncloc="13" classes="1" methods="1" coveredmethods="0" conditionals="0" coveredconditionals="0" statements="2" coveredstatements="0" elements="3" coveredelements="0"/>
    </file>
    <file name="/appdata/www/src/Exception/IncorrectPasswordException.php">
      <class name="App\Exception\IncorrectPasswordException" namespace="global">
        <metrics complexity="1" methods="1" coveredmethods="0" conditionals="0" coveredconditionals="0" statements="2" coveredstatements="0" elements="3" coveredelements="0"/>
      </class>
      <line num="7" type="method" name="create" visibility="public" complexity="1" crap="2" count="0"/>
      <line num="9" type="stmt" count="0"/>
      <line num="10" type="stmt" count="0"/>
      <metrics loc="13" ncloc="13" classes="1" methods="1" coveredmethods="0" conditionals="0" coveredconditionals="0" statements="2" coveredstatements="0" elements="3" coveredelements="0"/>
    </file>
    <file name="/appdata/www/src/Exception/JsonTransformerExceptionListener.php">
      <class name="App\Exception\JsonTransformerExceptionListener" namespace="global">
        <metrics complexity="5" methods="3" coveredmethods="2" conditionals="0" coveredconditionals="0" statements="18" coveredstatements="17" elements="21" coveredelements="19"/>
      </class>
      <line num="11" type="method" name="onKernelException" visibility="public" complexity="3" crap="3.01" count="2"/>
      <line num="13" type="stmt" count="2"/>
      <line num="15" type="stmt" count="2"/>
      <line num="16" type="stmt" count="2"/>
      <line num="17" type="stmt" count="2"/>
      <line num="18" type="stmt" count="2"/>
      <line num="19" type="stmt" count="2"/>
      <line num="20" type="stmt" count="2"/>
      <line num="22" type="stmt" count="2"/>
      <line num="24" type="stmt" count="2"/>
      <line num="27" type="stmt" count="2"/>
      <line num="29" type="stmt" count="0"/>
      <line num="32" type="stmt" count="2"/>
      <line num="35" type="method" name="getBadRequestException" visibility="private" complexity="1" crap="1" count="2"/>
      <line num="37" type="stmt" count="2"/>
      <line num="38" type="stmt" count="2"/>
      <line num="39" type="stmt" count="2"/>
      <line num="40" type="stmt" count="2"/>
      <line num="41" type="stmt" count="2"/>
      <line num="44" type="method" name="prepareResponse" visibility="private" complexity="1" crap="1" count="2"/>
      <line num="46" type="stmt" count="2"/>
      <metrics loc="49" ncloc="49" classes="1" methods="3" coveredmethods="2" conditionals="0" coveredconditionals="0" statements="18" coveredstatements="17" elements="21" coveredelements="19"/>
    </file>
    <file name="/appdata/www/src/Http/Request/RequestArgumentResolver.php">
      <class name="App\Http\Request\RequestArgumentResolver" namespace="global">
        <metrics complexity="3" methods="2" coveredmethods="2" conditionals="0" coveredconditionals="0" statements="9" coveredstatements="9" elements="11" coveredelements="11"/>
      </class>
      <line num="16" type="method" name="__construct" visibility="public" complexity="1" crap="1" count="3"/>
      <line num="18" type="stmt" count="3"/>
      <line num="19" type="stmt" count="3"/>
      <line num="22" type="method" name="resolve" visibility="public" complexity="2" crap="2" count="3"/>
      <line num="24" type="stmt" count="3"/>
      <line num="25" type="stmt" count="3"/>
      <line num="26" type="stmt" count="3"/>
      <line num="28" type="stmt" count="3"/>
      <line num="30" type="stmt" count="3"/>
      <line num="32" type="stmt" count="2"/>
      <line num="35" type="stmt" count="1"/>
      <metrics loc="38" ncloc="38" classes="1" methods="2" coveredmethods="2" conditionals="0" coveredconditionals="0" statements="9" coveredstatements="9" elements="11" coveredelements="11"/>
    </file>
    <file name="/appdata/www/src/Http/Request/RequestBodyTransformer.php">
      <class name="App\Http\Request\RequestBodyTransformer" namespace="global">
        <metrics complexity="3" methods="1" coveredmethods="0" conditionals="0" coveredconditionals="0" statements="6" coveredstatements="5" elements="7" coveredelements="5"/>
      </class>
      <line num="10" type="method" name="transform" visibility="public" complexity="3" crap="3.04" count="3"/>
      <line num="12" type="stmt" count="3"/>
      <line num="14" type="stmt" count="3"/>
      <line num="15" type="stmt" count="3"/>
      <line num="16" type="stmt" count="3"/>
      <line num="17" type="stmt" count="3"/>
      <line num="20" type="stmt" count="0"/>
      <metrics loc="24" ncloc="24" classes="1" methods="1" coveredmethods="0" conditionals="0" coveredconditionals="0" statements="6" coveredstatements="5" elements="7" coveredelements="5"/>
    </file>
    <file name="/appdata/www/src/Http/Request/RequestDto.php">
      <metrics loc="11" ncloc="11" classes="0" methods="0" coveredmethods="0" conditionals="0" coveredconditionals="0" statements="0" coveredstatements="0" elements="0" coveredelements="0"/>
    </file>
    <file name="/appdata/www/src/Http/Response/ApiResponse.php">
      <class name="App\Http\Response\ApiResponse" namespace="global">
        <metrics complexity="1" methods="1" coveredmethods="1" conditionals="0" coveredconditionals="0" statements="1" coveredstatements="1" elements="2" coveredelements="2"/>
      </class>
      <line num="12" type="method" name="__construct" visibility="public" complexity="1" crap="1" count="1"/>
      <line num="14" type="stmt" count="1"/>
      <metrics loc="17" ncloc="17" classes="1" methods="1" coveredmethods="1" conditionals="0" coveredconditionals="0" statements="1" coveredstatements="1" elements="2" coveredelements="2"/>
    </file>
    <file name="/appdata/www/src/Kernel.php">
      <class name="App\Kernel" namespace="global">
        <metrics complexity="0" methods="0" coveredmethods="0" conditionals="0" coveredconditionals="0" statements="0" coveredstatements="0" elements="0" coveredelements="0"/>
      </class>
      <metrics loc="12" ncloc="12" classes="0" methods="0" coveredmethods="0" conditionals="0" coveredconditionals="0" statements="0" coveredstatements="0" elements="0" coveredelements="0"/>
    </file>
    <file name="/appdata/www/src/Utils/UID.php">
      <class name="App\Utils\UID" namespace="global">
        <metrics complexity="1" methods="1" coveredmethods="1" conditionals="0" coveredconditionals="0" statements="1" coveredstatements="1" elements="2" coveredelements="2"/>
      </class>
      <line num="9" type="method" name="generateId" visibility="public" complexity="1" crap="1" count="2"/>
      <line num="11" type="stmt" count="2"/>
      <metrics loc="14" ncloc="14" classes="1" methods="1" coveredmethods="1" conditionals="0" coveredconditionals="0" statements="1" coveredstatements="1" elements="2" coveredelements="2"/>
    </file>
    <metrics files="23" loc="694" ncloc="691" classes="19" methods="52" coveredmethods="31" conditionals="0" coveredconditionals="0" statements="132" coveredstatements="98" elements="184" coveredelements="129"/>
  </project>
</coverage>
